<?xml version="1.0" ?><Site BuildName="Darwin-11.3.0" BuildStamp="201264-2456-Experimental" Hostname="berlin.tch.harvard.edu" Name="berlin.tch.harvard.edu"><Coverage><StartDateTime>Jun 04 20:24 EST</StartDateTime><EndDateTime>Jun 04 20:24 EST</EndDateTime><File Covered="true" FullPath="/X.js" Name="X.js"><LOCTested>21</LOCTested><LOCUntested>10</LOCUntested><PercentCoverage>67</PercentCoverage></File><File Covered="true" FullPath="/core/base.js" Name="base.js"><LOCTested>15</LOCTested><LOCUntested>0</LOCUntested><PercentCoverage>100</PercentCoverage></File><File Covered="true" FullPath="/core/colortable.js" Name="colortable.js"><LOCTested>14</LOCTested><LOCUntested>1</LOCUntested><PercentCoverage>93</PercentCoverage></File><File Covered="true" FullPath="/core/event.js" Name="event.js"><LOCTested>62</LOCTested><LOCUntested>0</LOCUntested><PercentCoverage>100</PercentCoverage></File><File Covered="true" FullPath="/core/file.js" Name="file.js"><LOCTested>8</LOCTested><LOCUntested>0</LOCUntested><PercentCoverage>100</PercentCoverage></File><File Covered="true" FullPath="/core/scalars.js" Name="scalars.js"><LOCTested>22</LOCTested><LOCUntested>12</LOCUntested><PercentCoverage>64</PercentCoverage></File><File Covered="true" FullPath="/core/texture.js" Name="texture.js"><LOCTested>14</LOCTested><LOCUntested>0</LOCUntested><PercentCoverage>100</PercentCoverage></File><File Covered="true" FullPath="/core/transform.js" Name="transform.js"><LOCTested>70</LOCTested><LOCUntested>13</LOCUntested><PercentCoverage>84</PercentCoverage></File><File Covered="true" FullPath="/core/triplets.js" Name="triplets.js"><LOCTested>50</LOCTested><LOCUntested>9</LOCUntested><PercentCoverage>84</PercentCoverage></File><File Covered="true" FullPath="/injects/constructable.js" Name="constructable.js"><LOCTested>60</LOCTested><LOCUntested>55</LOCUntested><PercentCoverage>52</PercentCoverage></File><File Covered="true" FullPath="/injects/displayable.js" Name="displayable.js"><LOCTested>65</LOCTested><LOCUntested>31</LOCUntested><PercentCoverage>67</PercentCoverage></File><File Covered="true" FullPath="/injects/loadable.js" Name="loadable.js"><LOCTested>12</LOCTested><LOCUntested>2</LOCUntested><PercentCoverage>85</PercentCoverage></File><File Covered="true" FullPath="/injects/thresholdable.js" Name="thresholdable.js"><LOCTested>18</LOCTested><LOCUntested>3</LOCUntested><PercentCoverage>85</PercentCoverage></File><File Covered="true" FullPath="/io/interactor.js" Name="interactor.js"><LOCTested>179</LOCTested><LOCUntested>44</LOCUntested><PercentCoverage>80</PercentCoverage></File><File Covered="true" FullPath="/io/interactor2D.js" Name="interactor2D.js"><LOCTested>6</LOCTested><LOCUntested>8</LOCUntested><PercentCoverage>42</PercentCoverage></File><File Covered="true" FullPath="/io/interactor3D.js" Name="interactor3D.js"><LOCTested>7</LOCTested><LOCUntested>7</LOCUntested><PercentCoverage>50</PercentCoverage></File><File Covered="true" FullPath="/io/loader.js" Name="loader.js"><LOCTested>67</LOCTested><LOCUntested>4</LOCUntested><PercentCoverage>94</PercentCoverage></File><File Covered="true" FullPath="/io/parser.js" Name="parser.js"><LOCTested>238</LOCTested><LOCUntested>10</LOCUntested><PercentCoverage>95</PercentCoverage></File><File Covered="true" FullPath="/io/parserCRV.js" Name="parserCRV.js"><LOCTested>10</LOCTested><LOCUntested>100</LOCUntested><PercentCoverage>9</PercentCoverage></File><File Covered="true" FullPath="/io/parserFSM.js" Name="parserFSM.js"><LOCTested>11</LOCTested><LOCUntested>85</LOCUntested><PercentCoverage>11</PercentCoverage></File><File Covered="true" FullPath="/io/parserHelper.js" Name="parserHelper.js"><LOCTested>28</LOCTested><LOCUntested>1</LOCUntested><PercentCoverage>96</PercentCoverage></File><File Covered="true" FullPath="/io/parserIMAGE.js" Name="parserIMAGE.js"><LOCTested>9</LOCTested><LOCUntested>19</LOCUntested><PercentCoverage>32</PercentCoverage></File><File Covered="true" FullPath="/io/parserLUT.js" Name="parserLUT.js"><LOCTested>33</LOCTested><LOCUntested>1</LOCUntested><PercentCoverage>97</PercentCoverage></File><File Covered="true" FullPath="/io/parserMGZ.js" Name="parserMGZ.js"><LOCTested>94</LOCTested><LOCUntested>11</LOCUntested><PercentCoverage>89</PercentCoverage></File><File Covered="true" FullPath="/io/parserNRRD.js" Name="parserNRRD.js"><LOCTested>104</LOCTested><LOCUntested>26</LOCUntested><PercentCoverage>80</PercentCoverage></File><File Covered="true" FullPath="/io/parserSTL.js" Name="parserSTL.js"><LOCTested>10</LOCTested><LOCUntested>47</LOCUntested><PercentCoverage>17</PercentCoverage></File><File Covered="true" FullPath="/io/parserTRK.js" Name="parserTRK.js"><LOCTested>126</LOCTested><LOCUntested>3</LOCUntested><PercentCoverage>97</PercentCoverage></File><File Covered="true" FullPath="/io/parserVTK.js" Name="parserVTK.js"><LOCTested>147</LOCTested><LOCUntested>41</LOCUntested><PercentCoverage>78</PercentCoverage></File><File Covered="true" FullPath="/math/array.js" Name="array.js"><LOCTested>39</LOCTested><LOCUntested>1</LOCUntested><PercentCoverage>97</PercentCoverage></File><File Covered="true" FullPath="/math/matrix.js" Name="matrix.js"><LOCTested>79</LOCTested><LOCUntested>21</LOCUntested><PercentCoverage>79</PercentCoverage></File><File Covered="true" FullPath="/objects/cube.js" Name="cube.js"><LOCTested>36</LOCTested><LOCUntested>8</LOCUntested><PercentCoverage>81</PercentCoverage></File><File Covered="true" FullPath="/objects/cylinder.js" Name="cylinder.js"><LOCTested>31</LOCTested><LOCUntested>6</LOCUntested><PercentCoverage>83</PercentCoverage></File><File Covered="true" FullPath="/objects/fibers.js" Name="fibers.js"><LOCTested>8</LOCTested><LOCUntested>0</LOCUntested><PercentCoverage>100</PercentCoverage></File><File Covered="true" FullPath="/objects/labelmap.js" Name="labelmap.js"><LOCTested>13</LOCTested><LOCUntested>0</LOCUntested><PercentCoverage>100</PercentCoverage></File><File Covered="true" FullPath="/objects/mesh.js" Name="mesh.js"><LOCTested>8</LOCTested><LOCUntested>0</LOCUntested><PercentCoverage>100</PercentCoverage></File><File Covered="true" FullPath="/objects/object.js" Name="object.js"><LOCTested>39</LOCTested><LOCUntested>37</LOCUntested><PercentCoverage>51</PercentCoverage></File><File Covered="true" FullPath="/objects/slice.js" Name="slice.js"><LOCTested>104</LOCTested><LOCUntested>17</LOCUntested><PercentCoverage>85</PercentCoverage></File><File Covered="true" FullPath="/objects/sphere.js" Name="sphere.js"><LOCTested>27</LOCTested><LOCUntested>4</LOCUntested><PercentCoverage>87</PercentCoverage></File><File Covered="true" FullPath="/objects/volume.js" Name="volume.js"><LOCTested>153</LOCTested><LOCUntested>40</LOCUntested><PercentCoverage>79</PercentCoverage></File><File Covered="true" FullPath="/ui/caption.js" Name="caption.js"><LOCTested>10</LOCTested><LOCUntested>45</LOCUntested><PercentCoverage>18</PercentCoverage></File><File Covered="true" FullPath="/ui/progressbar.js" Name="progressbar.js"><LOCTested>78</LOCTested><LOCUntested>2</LOCUntested><PercentCoverage>97</PercentCoverage></File><File Covered="true" FullPath="/visualization/buffer.js" Name="buffer.js"><LOCTested>12</LOCTested><LOCUntested>3</LOCUntested><PercentCoverage>80</PercentCoverage></File><File Covered="true" FullPath="/visualization/camera.js" Name="camera.js"><LOCTested>86</LOCTested><LOCUntested>25</LOCUntested><PercentCoverage>77</PercentCoverage></File><File Covered="true" FullPath="/visualization/camera2D.js" Name="camera2D.js"><LOCTested>4</LOCTested><LOCUntested>2</LOCUntested><PercentCoverage>66</PercentCoverage></File><File Covered="true" FullPath="/visualization/camera3D.js" Name="camera3D.js"><LOCTested>73</LOCTested><LOCUntested>4</LOCUntested><PercentCoverage>94</PercentCoverage></File><File Covered="true" FullPath="/visualization/indexer.js" Name="indexer.js"><LOCTested>18</LOCTested><LOCUntested>1</LOCUntested><PercentCoverage>94</PercentCoverage></File><File Covered="true" FullPath="/visualization/renderer.js" Name="renderer.js"><LOCTested>139</LOCTested><LOCUntested>61</LOCUntested><PercentCoverage>69</PercentCoverage></File><File Covered="true" FullPath="/visualization/renderer3D.js" Name="renderer3D.js"><LOCTested>474</LOCTested><LOCUntested>105</LOCUntested><PercentCoverage>81</PercentCoverage></File><File Covered="true" FullPath="/visualization/shaders.js" Name="shaders.js"><LOCTested>30</LOCTested><LOCUntested>2</LOCUntested><PercentCoverage>93</PercentCoverage></File><LOCTested>2961</LOCTested><LOCUntested>927</LOCUntested><LOC>3888</LOC><PercentCoverage>76</PercentCoverage></Coverage></Site>